TN:
SF:/Users/varuna/work/weya/sample/temp/analytics.js
FN:2,(anonymous_1)
FN:4,(anonymous_2)
FN:4,ctor
FN:9,(anonymous_4)
FN:12,Student
FN:16,(anonymous_6)
FN:22,(anonymous_7)
FN:29,(anonymous_8)
FN:40,(anonymous_9)
FNF:9
FNH:9
FNDA:1,(anonymous_1)
FNDA:1,(anonymous_2)
FNDA:1,ctor
FNDA:1,(anonymous_4)
FNDA:1,Student
FNDA:1,(anonymous_6)
FNDA:2,(anonymous_7)
FNDA:2,(anonymous_8)
FNDA:1,(anonymous_9)
DA:2,1
DA:3,1
DA:4,8
DA:7,1
DA:9,1
DA:10,1
DA:12,1
DA:13,1
DA:16,1
DA:17,1
DA:18,1
DA:19,1
DA:22,1
DA:23,2
DA:29,1
DA:30,2
DA:31,2
DA:32,2
DA:33,2
DA:34,4
DA:35,4
DA:37,2
DA:40,1
DA:41,1
DA:44,1
DA:46,1
DA:50,1
DA:52,1
DA:54,1
DA:56,1
DA:58,1
DA:60,1
LF:32
LH:32
BRDA:4,1,0,8
BRDA:4,1,1,0
BRF:2
BRH:1
end_of_record
